mode: set
gotesting/Desafio/cmd/handler/handler.go:14.46,18.2 1 1
gotesting/Desafio/cmd/handler/handler.go:20.59,22.39 2 1
gotesting/Desafio/cmd/handler/handler.go:22.39,25.3 2 1
gotesting/Desafio/cmd/handler/handler.go:27.2,28.16 2 1
gotesting/Desafio/cmd/handler/handler.go:28.16,31.3 2 0
gotesting/Desafio/cmd/handler/handler.go:33.2,33.25 1 1
gotesting/Desafio/cmd/router/router.go:11.31,13.2 2 1
gotesting/Desafio/cmd/router/router.go:13.2,15.3 1 1
gotesting/Desafio/cmd/router/router.go:18.45,32.2 7 1
gotesting/Desafio/cmd/router/router.go:32.2,34.3 1 1
gotesting/Desafio/internal/product/repository.go:17.62,21.2 1 1
gotesting/Desafio/internal/product/repository.go:23.80,26.41 2 1
gotesting/Desafio/internal/product/repository.go:26.41,27.35 1 1
gotesting/Desafio/internal/product/repository.go:27.35,29.4 1 1
gotesting/Desafio/internal/product/repository.go:32.2,32.22 1 1
gotesting/Desafio/internal/product/repository.go:40.85,42.2 1 0
gotesting/Desafio/internal/product/repository.go:48.85,51.2 2 1
gotesting/Desafio/internal/product/service.go:16.40,20.2 1 1
gotesting/Desafio/internal/product/service.go:22.78,24.16 2 1
gotesting/Desafio/internal/product/service.go:24.16,27.3 2 0
gotesting/Desafio/internal/product/service.go:29.2,29.18 1 1
gotesting/Desafio/tests/utils.go:12.37,17.2 3 1
gotesting/Desafio/tests/utils.go:19.94,23.2 3 1
