mode: set
gotesting/04-TestsFuncionales/cmd/server/handler.go:16.61,18.2 1 1
gotesting/04-TestsFuncionales/cmd/server/handler.go:22.52,32.36 3 1
gotesting/04-TestsFuncionales/cmd/server/handler.go:32.36,36.58 2 1
gotesting/04-TestsFuncionales/cmd/server/handler.go:36.58,39.4 2 1
gotesting/04-TestsFuncionales/cmd/server/handler.go:43.3,47.55 3 1
gotesting/04-TestsFuncionales/cmd/server/handler.go:53.51,61.36 3 1
gotesting/04-TestsFuncionales/cmd/server/handler.go:61.36,65.58 2 1
gotesting/04-TestsFuncionales/cmd/server/handler.go:65.58,68.4 2 1
gotesting/04-TestsFuncionales/cmd/server/handler.go:72.3,75.55 2 1
gotesting/04-TestsFuncionales/cmd/server/handler.go:81.50,88.36 2 1
gotesting/04-TestsFuncionales/cmd/server/handler.go:88.36,92.17 2 1
gotesting/04-TestsFuncionales/cmd/server/handler.go:92.17,95.4 2 1
gotesting/04-TestsFuncionales/cmd/server/handler.go:98.3,98.74 1 1
gotesting/04-TestsFuncionales/cmd/server/routers.go:10.62,12.2 1 0
gotesting/04-TestsFuncionales/cmd/server/routers.go:14.30,20.2 4 0
gotesting/04-TestsFuncionales/cmd/server/routers.go:22.30,24.2 1 0
gotesting/04-TestsFuncionales/prey/tuna.go:8.40,10.2 1 1
gotesting/04-TestsFuncionales/prey/tuna.go:12.35,14.2 1 1
gotesting/04-TestsFuncionales/prey/tuna.go:16.24,18.2 1 1
gotesting/04-TestsFuncionales/shark/white_shark.go:12.13,14.2 1 1
gotesting/04-TestsFuncionales/shark/white_shark.go:25.68,28.2 2 1
gotesting/04-TestsFuncionales/shark/white_shark.go:30.60,32.9 2 1
gotesting/04-TestsFuncionales/shark/white_shark.go:32.9,34.3 1 1
gotesting/04-TestsFuncionales/shark/white_shark.go:35.2,35.37 1 1
gotesting/04-TestsFuncionales/shark/white_shark.go:38.65,42.2 1 1
gotesting/04-TestsFuncionales/simulator/simulator.go:18.101,23.2 4 1
gotesting/04-TestsFuncionales/simulator/simulator.go:25.73,32.2 6 1
gotesting/04-TestsFuncionales/simulator/simulator.go:34.63,38.2 1 1
gotesting/04-TestsFuncionales/tests/utils.go:15.33,31.2 10 1
gotesting/04-TestsFuncionales/tests/utils.go:33.108,38.2 3 1
